<?xml version="1.0" encoding="UTF-8"?>
<testng-results ignored="0" total="1" passed="1" failed="0" skipped="0">
  <reporter-output>
  </reporter-output>
  <suite started-at="2026-03-05T00:57:06 IST" name="API Test Suite" finished-at="2026-03-05T00:57:08 IST" duration-ms="1738">
    <groups>
    </groups>
    <test started-at="2026-03-05T00:57:06 IST" name="API Test" finished-at="2026-03-05T00:57:08 IST" duration-ms="1738">
      <class name="com.tests.DemoTest001">
        <test-method signature="test1()[pri:0, instance:com.tests.DemoTest001@16ec5519]" started-at="2026-03-05T00:57:06 IST" name="test1" description="Test..." finished-at="2026-03-05T00:57:08 IST" duration-ms="1711" status="PASS">
          <reporter-output>
          </reporter-output>
        </test-method> <!-- test1 -->
      </class> <!-- com.tests.DemoTest001 -->
    </test> <!-- API Test -->
  </suite> <!-- API Test Suite -->
</testng-results>
