<?xml version="1.0" encoding="UTF-8"?>
<testng-results ignored="0" total="1" passed="1" failed="0" skipped="0">
  <reporter-output>
  </reporter-output>
  <suite started-at="2026-03-05T00:55:27 IST" name="API Test Suite" finished-at="2026-03-05T00:55:29 IST" duration-ms="1562">
    <groups>
    </groups>
    <test started-at="2026-03-05T00:55:27 IST" name="API Test" finished-at="2026-03-05T00:55:29 IST" duration-ms="1562">
      <class name="com.tests.DemoTest001">
        <test-method signature="test1()[pri:0, instance:com.tests.DemoTest001@4135c3b]" started-at="2026-03-05T00:55:27 IST" name="test1" description="Test..." finished-at="2026-03-05T00:55:29 IST" duration-ms="1531" status="PASS">
          <reporter-output>
          </reporter-output>
        </test-method> <!-- test1 -->
      </class> <!-- com.tests.DemoTest001 -->
    </test> <!-- API Test -->
  </suite> <!-- API Test Suite -->
</testng-results>
